<?xml version="1.0" encoding="UTF-8"?>
<!-- Generated by org.testng.reporters.JUnitXMLReporter -->
<testsuite ignored="0" hostname="0937-VSMSDN14" failures="2" tests="28" name="Test" time="0.776" errors="0" timestamp="2025-09-01T17:07:44 IST">
  <testcase classname="deepfreeze.SampleTests" name="cloudAgentStatusReportedTest" time="0.021"/>
  <testcase classname="deepfreeze.SampleTests" name="cloudAgentStatusReportedTest" time="0.023">
    <failure type="java.lang.AssertionError" message="Cloud Agent status test is purposely failed on www2 expected [true] but found [false]">
      <![CDATA[java.lang.AssertionError: Cloud Agent status test is purposely failed on www2 expected [true] but found [false]
at deepfreeze.SampleTests.cloudAgentStatusReportedTest(SampleTests.java:48)
at java.base/java.util.ArrayList.forEach(ArrayList.java:1596)
... Removed 28 stack frames]]>
    </failure>
  </testcase> <!-- cloudAgentStatusReportedTest -->
  <testcase classname="deepfreeze.SampleTests" name="cloudAgentStatusReportedTest" time="0.004"/>
  <testcase classname="deepfreeze.SampleTests" name="cloudAgentStatusReportedTest" time="0.004"/>
  <testcase classname="deepfreeze.SampleTests" name="createPolicyTest" time="0.005"/>
  <testcase classname="deepfreeze.SampleTests" name="createPolicyTest" time="0.004"/>
  <testcase classname="deepfreeze.SampleTests" name="createPolicyTest" time="0.004"/>
  <testcase classname="deepfreeze.SampleTests" name="createPolicyTest" time="0.004"/>
  <testcase classname="deepfreeze.SampleTests" name="downloadBootstrapperTest" time="0.003"/>
  <testcase classname="deepfreeze.SampleTests" name="downloadBootstrapperTest" time="0.004"/>
  <testcase classname="deepfreeze.SampleTests" name="downloadBootstrapperTest" time="0.002"/>
  <testcase classname="deepfreeze.SampleTests" name="downloadBootstrapperTest" time="0.003"/>
  <testcase classname="deepfreeze.SampleTests" name="installCloudAgentAndServicesTest" time="0.004"/>
  <testcase classname="deepfreeze.SampleTests" name="installCloudAgentAndServicesTest" time="0.002"/>
  <testcase classname="deepfreeze.SampleTests" name="installCloudAgentAndServicesTest" time="0.002"/>
  <testcase classname="deepfreeze.SampleTests" name="installCloudAgentAndServicesTest" time="0.004"/>
  <testcase classname="deepfreeze.SampleTests" name="installRandomSUAppTest" time="0.003"/>
  <testcase classname="deepfreeze.SampleTests" name="installRandomSUAppTest" time="0.003"/>
  <testcase classname="deepfreeze.SampleTests" name="installRandomSUAppTest" time="0.002">
    <skipped/>
  </testcase> <!-- installRandomSUAppTest -->
  <testcase classname="deepfreeze.SampleTests" name="installRandomSUAppTest" time="0.002"/>
  <testcase classname="deepfreeze.SampleTests" name="loginTest" time="0.004"/>
  <testcase classname="deepfreeze.SampleTests" name="loginTest" time="0.005"/>
  <testcase classname="deepfreeze.SampleTests" name="loginTest" time="0.005"/>
  <testcase classname="deepfreeze.SampleTests" name="loginTest" time="0.005"/>
  <testcase classname="deepfreeze.SampleTests" name="serviceSpecificActionExecutionTest" time="0.004"/>
  <testcase classname="deepfreeze.SampleTests" name="serviceSpecificActionExecutionTest" time="0.002">
    <failure type="java.lang.AssertionError" message="Service action test is purposely failed on www2 expected [true] but found [false]">
      <![CDATA[java.lang.AssertionError: Service action test is purposely failed on www2 expected [true] but found [false]
at deepfreeze.SampleTests.serviceSpecificActionExecutionTest(SampleTests.java:58)
at java.base/java.util.ArrayList.forEach(ArrayList.java:1596)
... Removed 28 stack frames]]>
    </failure>
  </testcase> <!-- serviceSpecificActionExecutionTest -->
  <testcase classname="deepfreeze.SampleTests" name="serviceSpecificActionExecutionTest" time="0.001"/>
  <testcase classname="deepfreeze.SampleTests" name="serviceSpecificActionExecutionTest" time="0.004"/>
</testsuite> <!-- Test -->
