<?xml version="1.0" encoding="UTF-8"?>
<!-- Generated by org.testng.reporters.JUnitXMLReporter -->
<testsuite ignored="1" hostname="0937-VSMSDN14" failures="0" tests="3" name="Default test" time="262.538" errors="0" timestamp="2025-08-20T15:58:06 IST">
  <testcase classname="deepfreeze.user_management_saml" name="SAML_TC_01_setup_saml_integration" time="236.49"/>
  <testcase classname="deepfreeze.user_management_saml" name="SAML_TC_02_deepfreeze_saml_login_check" time="21.597"/>
  <testcase classname="deepfreeze.user_management_saml" name="SAML_TC03_reset_saml_integration" time="4.326"/>
  <testcase classname="deepfreeze.BaseClass" name="@BeforeSuite setUp" time="0.0">
    <ignored/>
  </testcase> <!-- @BeforeSuite setUp -->
</testsuite> <!-- Default test -->
