<?xml version="1.0" encoding="UTF-8"?>
<!-- Generated by org.testng.reporters.JUnitXMLReporter -->
<testsuite ignored="1" hostname="0937-VSMSDN14" failures="1" tests="3" name="Dashboard Pages Loading Time Test" time="18.017" errors="0" timestamp="2025-09-04T18:39:46 IST">
  <testcase classname="deepfreeze.df_login" name="verifyLogin" time="0.058"/>
  <testcase classname="deepfreeze.load_time_check" name="DF_Dashboard_measureTimes" time="8.232"/>
  <testcase classname="deepfreeze.load_time_check" name="AE_Dashboard_measureTimes" time="4.924">
    <failure type="junit.framework.AssertionFailedError" message="AE is not installed.">
      <![CDATA[junit.framework.AssertionFailedError: AE is not installed.
at junit.framework.Assert.fail(Assert.java:47)
at deepfreeze.load_time_check.AE_Dashboard_measureTimes(load_time_check.java:79)
at java.base/java.util.ArrayList.forEach(ArrayList.java:1596)
... Removed 25 stack frames]]>
    </failure>
  </testcase> <!-- AE_Dashboard_measureTimes -->
  <testcase classname="deepfreeze.BaseClass" name="@BeforeSuite setUp" time="0.0">
    <ignored/>
  </testcase> <!-- @BeforeSuite setUp -->
</testsuite> <!-- Dashboard Pages Loading Time Test -->
