<?xml version="1.0" encoding="UTF-8"?>
<testng-results ignored="0" total="2" passed="2" failed="0" skipped="0">
  <reporter-output>
  </reporter-output>
  <suite started-at="2025-08-05T20:03:30 IST" name="Default suite" finished-at="2025-08-05T20:03:56 IST" duration-ms="25408">
    <groups>
    </groups>
    <test started-at="2025-08-05T20:03:30 IST" name="Default test" finished-at="2025-08-05T20:03:56 IST" duration-ms="25408">
      <class name="deepfreeze.user_management_saml">
        <test-method is-config="true" signature="setUp()[pri:0, instance:deepfreeze.user_management_saml@477b4cdf]" started-at="2025-08-05T20:03:28 IST" name="setUp" finished-at="2025-08-05T20:03:30 IST" duration-ms="2041" status="PASS">
          <reporter-output>
          </reporter-output>
        </test-method> <!-- setUp -->
        <test-method signature="onelogin_signin()[pri:1, instance:deepfreeze.user_management_saml@477b4cdf]" started-at="2025-08-05T20:03:30 IST" name="onelogin_signin" finished-at="2025-08-05T20:03:35 IST" duration-ms="4985" status="PASS">
          <reporter-output>
          </reporter-output>
        </test-method> <!-- onelogin_signin -->
        <test-method signature="onelogin_appCreate()[pri:2, instance:deepfreeze.user_management_saml@477b4cdf]" started-at="2025-08-05T20:03:35 IST" name="onelogin_appCreate" finished-at="2025-08-05T20:03:56 IST" depends-on-methods="deepfreeze.user_management_saml.onelogin_signin" duration-ms="20364" status="PASS">
          <reporter-output>
          </reporter-output>
        </test-method> <!-- onelogin_appCreate -->
      </class> <!-- deepfreeze.user_management_saml -->
    </test> <!-- Default test -->
  </suite> <!-- Default suite -->
</testng-results>
